<?xml version="1.0" encoding="UTF-8"?>
<testsuites name="Mocha Tests" time="3.619" tests="1" failures="0">
  <testsuite name="Root Suite" timestamp="2018-06-27T20:52:27" tests="0" failures="0" time="0">
  </testsuite>
  <testsuite name="Add a new ToDo" timestamp="2018-06-27T20:52:28" tests="1" file="/Users/macbook/Desktop/repos/codecept-intro/features/add_a_new_todo_test.js" failures="0" time="3.619">
    <testcase name="Add a new ToDo: Add a new todo and cleanup at the end" time="3.619" classname="Add a new todo and cleanup at the end">
    </testcase>
  </testsuite>
</testsuites>